{"meta": {"format": 2, "version": "7.5.1", "timestamp": "2024-05-11T14:41:05.924190", "branch_coverage": false, "show_contexts": false}, "files": {"accounts\\__init__.py": {"executed_lines": [0], "summary": {"covered_lines": 0, "num_statements": 0, "percent_covered": 100.0, "percent_covered_display": "100", "missing_lines": 0, "excluded_lines": 0}, "missing_lines": [], "excluded_lines": []}, "accounts\\admin.py": {"executed_lines": [1, 2, 5], "summary": {"covered_lines": 3, "num_statements": 3, "percent_covered": 100.0, "percent_covered_display": "100", "missing_lines": 0, "excluded_lines": 0}, "missing_lines": [], "excluded_lines": []}, "accounts\\apps.py": {"executed_lines": [1, 4, 5, 6, 8, 9], "summary": {"covered_lines": 6, "num_statements": 6, "percent_covered": 100.0, "percent_covered_display": "100", "missing_lines": 0, "excluded_lines": 0}, "missing_lines": [], "excluded_lines": []}, "accounts\\forms.py": {"executed_lines": [1, 2, 3, 4, 7, 9, 10, 11, 14, 15, 16, 17, 18, 24, 25, 26, 27, 28], "summary": {"covered_lines": 18, "num_statements": 18, "percent_covered": 100.0, "percent_covered_display": "100", "missing_lines": 0, "excluded_lines": 0}, "missing_lines": [], "excluded_lines": []}, "accounts\\migrations\\0001_initial.py": {"executed_lines": [3, 4, 5, 8, 10, 12, 16], "summary": {"covered_lines": 7, "num_statements": 7, "percent_covered": 100.0, "percent_covered_display": "100", "missing_lines": 0, "excluded_lines": 0}, "missing_lines": [], "excluded_lines": []}, "accounts\\migrations\\__init__.py": {"executed_lines": [0], "summary": {"covered_lines": 0, "num_statements": 0, "percent_covered": 100.0, "percent_covered_display": "100", "missing_lines": 0, "excluded_lines": 0}, "missing_lines": [], "excluded_lines": []}, "accounts\\models.py": {"executed_lines": [1, 2, 5, 7, 15, 16, 17, 18, 19, 21, 22], "summary": {"covered_lines": 11, "num_statements": 11, "percent_covered": 100.0, "percent_covered_display": "100", "missing_lines": 0, "excluded_lines": 0}, "missing_lines": [], "excluded_lines": []}, "accounts\\signals.py": {"executed_lines": [1, 2, 3, 4, 5, 7, 8, 9, 10, 13, 14, 15], "summary": {"covered_lines": 12, "num_statements": 12, "percent_covered": 100.0, "percent_covered_display": "100", "missing_lines": 0, "excluded_lines": 0}, "missing_lines": [], "excluded_lines": []}, "accounts\\test\\__init__.py": {"executed_lines": [0], "summary": {"covered_lines": 0, "num_statements": 0, "percent_covered": 100.0, "percent_covered_display": "100", "missing_lines": 0, "excluded_lines": 0}, "missing_lines": [], "excluded_lines": []}, "accounts\\test\\test_currentuserprofile.py": {"executed_lines": [1, 2, 3, 4, 6, 8, 9, 10, 11, 12, 13, 14, 16, 23, 24, 25, 27, 28, 31, 32, 34, 35], "summary": {"covered_lines": 22, "num_statements": 22, "percent_covered": 100.0, "percent_covered_display": "100", "missing_lines": 0, "excluded_lines": 0}, "missing_lines": [], "excluded_lines": []}, "accounts\\test\\test_login.py": {"executed_lines": [1, 2, 3, 4, 5, 7, 10, 12, 13, 14, 15, 17, 21, 22, 24, 25, 26, 30, 31, 33, 36, 40, 41, 43, 47], "summary": {"covered_lines": 25, "num_statements": 25, "percent_covered": 100.0, "percent_covered_display": "100", "missing_lines": 0, "excluded_lines": 0}, "missing_lines": [], "excluded_lines": []}, "accounts\\test\\test_logout.py": {"executed_lines": [1, 2, 3, 4, 5, 7, 10, 12, 13, 14, 15, 17, 21, 22, 24, 28, 30], "summary": {"covered_lines": 17, "num_statements": 17, "percent_covered": 100.0, "percent_covered_display": "100", "missing_lines": 0, "excluded_lines": 0}, "missing_lines": [], "excluded_lines": []}, "accounts\\test\\test_profilemodel.py": {"executed_lines": [1, 2, 3, 5, 6, 8, 10, 12, 13, 14, 15, 21, 24, 27, 28, 29], "summary": {"covered_lines": 16, "num_statements": 17, "percent_covered": 94.11764705882354, "percent_covered_display": "94", "missing_lines": 1, "excluded_lines": 0}, "missing_lines": [18], "excluded_lines": []}, "accounts\\test\\test_signup.py": {"executed_lines": [1, 2, 3, 4, 5, 6, 9, 13, 14, 15, 18, 19, 21, 22, 26, 28, 29, 30, 31, 32, 34, 41, 43, 45, 46, 53, 55, 56, 58, 59], "summary": {"covered_lines": 30, "num_statements": 30, "percent_covered": 100.0, "percent_covered_display": "100", "missing_lines": 0, "excluded_lines": 0}, "missing_lines": [], "excluded_lines": []}, "accounts\\test\\test_userprofile.py": {"executed_lines": [1, 2, 3, 4, 5, 6, 9, 11, 12, 13, 14, 15, 16, 17, 19, 25, 26, 27, 29, 30, 32, 33, 35, 36, 39, 41, 43, 45, 53, 57, 63, 64, 66, 67, 69, 70], "summary": {"covered_lines": 36, "num_statements": 36, "percent_covered": 100.0, "percent_covered_display": "100", "missing_lines": 0, "excluded_lines": 0}, "missing_lines": [], "excluded_lines": []}, "accounts\\urls.py": {"executed_lines": [1, 2, 3, 6], "summary": {"covered_lines": 4, "num_statements": 4, "percent_covered": 100.0, "percent_covered_display": "100", "missing_lines": 0, "excluded_lines": 0}, "missing_lines": [], "excluded_lines": []}, "accounts\\utils.py": {"executed_lines": [1, 3, 4, 6], "summary": {"covered_lines": 4, "num_statements": 4, "percent_covered": 100.0, "percent_covered_display": "100", "missing_lines": 0, "excluded_lines": 0}, "missing_lines": [], "excluded_lines": []}, "accounts\\views.py": {"executed_lines": [1, 2, 3, 4, 5, 6, 7, 10, 11, 12, 14, 20, 25, 26, 27, 28, 30, 31, 32, 34, 36, 37, 39, 41, 42, 45, 46, 47, 50, 51, 52, 54, 56, 61, 65, 66, 67, 68, 70, 87, 91], "summary": {"covered_lines": 41, "num_statements": 53, "percent_covered": 77.35849056603773, "percent_covered_display": "77", "missing_lines": 12, "excluded_lines": 0}, "missing_lines": [15, 16, 17, 18, 21, 22, 71, 75, 81, 82, 83, 85], "excluded_lines": []}, "manage.py": {"executed_lines": [2, 3, 4, 7, 9, 10, 11, 18, 21, 22], "summary": {"covered_lines": 10, "num_statements": 12, "percent_covered": 83.33333333333333, "percent_covered_display": "83", "missing_lines": 2, "excluded_lines": 0}, "missing_lines": [12, 13], "excluded_lines": []}, "myblog\\__init__.py": {"executed_lines": [0], "summary": {"covered_lines": 0, "num_statements": 0, "percent_covered": 100.0, "percent_covered_display": "100", "missing_lines": 0, "excluded_lines": 0}, "missing_lines": [], "excluded_lines": []}, "myblog\\settings.py": {"executed_lines": [1, 13, 16, 23, 26, 28, 33, 47, 49, 52, 62, 64, 80, 86, 96, 102, 121, 123, 125, 127, 133, 138], "summary": {"covered_lines": 21, "num_statements": 21, "percent_covered": 100.0, "percent_covered_display": "100", "missing_lines": 0, "excluded_lines": 0}, "missing_lines": [], "excluded_lines": []}, "myblog\\urls.py": {"executed_lines": [1, 2, 4], "summary": {"covered_lines": 3, "num_statements": 3, "percent_covered": 100.0, "percent_covered_display": "100", "missing_lines": 0, "excluded_lines": 0}, "missing_lines": [], "excluded_lines": []}, "posts\\__init__.py": {"executed_lines": [0], "summary": {"covered_lines": 0, "num_statements": 0, "percent_covered": 100.0, "percent_covered_display": "100", "missing_lines": 0, "excluded_lines": 0}, "missing_lines": [], "excluded_lines": []}, "posts\\admin.py": {"executed_lines": [1, 2, 5], "summary": {"covered_lines": 3, "num_statements": 3, "percent_covered": 100.0, "percent_covered_display": "100", "missing_lines": 0, "excluded_lines": 0}, "missing_lines": [], "excluded_lines": []}, "posts\\apps.py": {"executed_lines": [1, 4, 5, 6], "summary": {"covered_lines": 4, "num_statements": 4, "percent_covered": 100.0, "percent_covered_display": "100", "missing_lines": 0, "excluded_lines": 0}, "missing_lines": [], "excluded_lines": []}, "posts\\forms.py": {"executed_lines": [1, 2, 4, 6, 7, 8], "summary": {"covered_lines": 6, "num_statements": 6, "percent_covered": 100.0, "percent_covered_display": "100", "missing_lines": 0, "excluded_lines": 0}, "missing_lines": [], "excluded_lines": []}, "posts\\migrations\\0001_initial.py": {"executed_lines": [3, 6, 8, 10, 13], "summary": {"covered_lines": 5, "num_statements": 5, "percent_covered": 100.0, "percent_covered_display": "100", "missing_lines": 0, "excluded_lines": 0}, "missing_lines": [], "excluded_lines": []}, "posts\\migrations\\0002_post_author.py": {"executed_lines": [3, 4, 5, 8, 10, 15], "summary": {"covered_lines": 6, "num_statements": 6, "percent_covered": 100.0, "percent_covered_display": "100", "missing_lines": 0, "excluded_lines": 0}, "missing_lines": [], "excluded_lines": []}, "posts\\migrations\\0003_alter_post_author.py": {"executed_lines": [3, 4, 5, 8, 10, 15], "summary": {"covered_lines": 6, "num_statements": 6, "percent_covered": 100.0, "percent_covered_display": "100", "missing_lines": 0, "excluded_lines": 0}, "missing_lines": [], "excluded_lines": []}, "posts\\migrations\\0004_alter_post_author.py": {"executed_lines": [3, 4, 5, 8, 10, 15], "summary": {"covered_lines": 6, "num_statements": 6, "percent_covered": 100.0, "percent_covered_display": "100", "missing_lines": 0, "excluded_lines": 0}, "missing_lines": [], "excluded_lines": []}, "posts\\migrations\\0005_alter_post_author.py": {"executed_lines": [3, 4, 5, 8, 10, 15], "summary": {"covered_lines": 6, "num_statements": 6, "percent_covered": 100.0, "percent_covered_display": "100", "missing_lines": 0, "excluded_lines": 0}, "missing_lines": [], "excluded_lines": []}, "posts\\migrations\\__init__.py": {"executed_lines": [0], "summary": {"covered_lines": 0, "num_statements": 0, "percent_covered": 100.0, "percent_covered_display": "100", "missing_lines": 0, "excluded_lines": 0}, "missing_lines": [], "excluded_lines": []}, "posts\\models.py": {"executed_lines": [1, 2, 3, 6, 7, 8, 9, 10, 11, 13, 14, 16, 17], "summary": {"covered_lines": 13, "num_statements": 13, "percent_covered": 100.0, "percent_covered_display": "100", "missing_lines": 0, "excluded_lines": 0}, "missing_lines": [], "excluded_lines": []}, "posts\\scripts\\__init__.py": {"executed_lines": [0], "summary": {"covered_lines": 0, "num_statements": 0, "percent_covered": 100.0, "percent_covered_display": "100", "missing_lines": 0, "excluded_lines": 0}, "missing_lines": [], "excluded_lines": []}, "posts\\test\\__init__.py": {"executed_lines": [0], "summary": {"covered_lines": 0, "num_statements": 0, "percent_covered": 100.0, "percent_covered_display": "100", "missing_lines": 0, "excluded_lines": 0}, "missing_lines": [], "excluded_lines": []}, "posts\\test\\test_homepage.py": {"executed_lines": [1, 2, 3, 4, 7, 9, 10, 11, 14, 15, 16, 17, 20, 21, 22], "summary": {"covered_lines": 15, "num_statements": 15, "percent_covered": 100.0, "percent_covered_display": "100", "missing_lines": 0, "excluded_lines": 0}, "missing_lines": [], "excluded_lines": []}, "posts\\test\\test_postauthor.py": {"executed_lines": [1, 2, 3, 4, 5, 8, 9, 12, 13, 14, 15, 19, 20, 22, 23, 24], "summary": {"covered_lines": 16, "num_statements": 16, "percent_covered": 100.0, "percent_covered_display": "100", "missing_lines": 0, "excluded_lines": 0}, "missing_lines": [], "excluded_lines": []}, "posts\\test\\test_postcreation.py": {"executed_lines": [1, 2, 3, 4, 5, 6, 7, 8, 11, 13, 15, 16, 17, 18, 20, 26, 27, 28, 30, 31, 33, 35, 38, 39, 41, 43, 45, 47, 48, 50, 51, 53, 54, 56, 57, 60, 61, 63, 64], "summary": {"covered_lines": 39, "num_statements": 39, "percent_covered": 100.0, "percent_covered_display": "100", "missing_lines": 0, "excluded_lines": 0}, "missing_lines": [], "excluded_lines": []}, "posts\\test\\test_postdetailpage.py": {"executed_lines": [1, 2, 3, 4, 7, 9, 10, 13, 14, 15, 16, 19, 20, 21, 22], "summary": {"covered_lines": 15, "num_statements": 15, "percent_covered": 100.0, "percent_covered_display": "100", "missing_lines": 0, "excluded_lines": 0}, "missing_lines": [], "excluded_lines": []}, "posts\\test\\test_postmodel.py": {"executed_lines": [1, 2, 3, 4, 5, 8, 11, 12, 13, 17, 18, 19, 22, 24, 25, 30, 31, 32, 34], "summary": {"covered_lines": 19, "num_statements": 19, "percent_covered": 100.0, "percent_covered_display": "100", "missing_lines": 0, "excluded_lines": 0}, "missing_lines": [], "excluded_lines": []}, "posts\\urls.py": {"executed_lines": [1, 2, 5], "summary": {"covered_lines": 3, "num_statements": 3, "percent_covered": 100.0, "percent_covered_display": "100", "missing_lines": 0, "excluded_lines": 0}, "missing_lines": [], "excluded_lines": []}, "posts\\views.py": {"executed_lines": [1, 2, 3, 4, 5, 9, 10, 11, 12, 17, 18, 19, 20, 21, 26, 27, 28, 29, 37, 38], "summary": {"covered_lines": 20, "num_statements": 30, "percent_covered": 66.66666666666667, "percent_covered_display": "67", "missing_lines": 10, "excluded_lines": 0}, "missing_lines": [13, 14, 22, 23, 30, 31, 32, 33, 34, 35], "excluded_lines": []}}, "totals": {"covered_lines": 468, "num_statements": 493, "percent_covered": 94.9290060851927, "percent_covered_display": "95", "missing_lines": 25, "excluded_lines": 0}}